[Licensing::Module] Trying to connect to existing licensing client channel...
[Licensing::IpcConnector] Channel LicenseClient-User doesn't exist
[Licensing::Module] Successfully launched the LicensingClient (PId: 9344)
[Licensing::IpcConnector] Successfully connected to: "LicenseClient-User" at "2026-04-02T18:47:04.986687Z"
[Licensing::Client] Code 10 while verifying Licensing Client signature (process Id: 9344, path: "C:/Program Files/Unity 2022.3.61f1/Editor/Data/Resources/Licensing/Client/Unity.Licensing.Client.exe")
[Licensing::Module] LicensingClient has failed validation; ignoring
[Licensing::Client] Handshaking with LicensingClient:
  Version:                 1.16.2+bdef8f5
  Session Id:              3b133e21fe26427c9c31fbe583e82337
  Correlation Id:          770378628828638f469465863b33e66b
  External correlation Id: 1490906117550469554
  Machine Id:              6zix3AMsh3C7aJ3htMk1UzHKt90=
[Licensing::Module] Successfully connected to LicensingClient on channel: "LicenseClient-User" (connect: 0.56s, validation: 0.26s, handshake: 0.04s)
[Licensing::IpcConnector] Successfully connected to: "LicenseClient-User-notifications" at "2026-04-02T18:47:05.2882742Z"
[Licensing::Module] Connected to LicensingClient (PId: 9344, launch time: 0.00, total connection time: 0.87s)
[Licensing::Module] Error: Access token is unavailable; failed to update
[Licensing::Client] Error: Code 500 while processing request (status: Unable to update licenses. Errors: No ULF license found.,Token not found in cache)
[Licensing::Client] Error: Code 500 while updating license in client (status: Unable to update licenses. Errors: No ULF license found.,Token not found in cache)
[Licensing::Module] Generating manual activation license file: C:\Temp\2026\kinect\kinect/Unity_v2022.3.61f1.alf
[Licensing::Client] Successfully processed ALF generation request: C:\Temp\2026\kinect\kinect\Unity_v2022.3.61f1.alf
[Licensing::Module] Manual activation license file successfully saved.
Exiting without the bug reporter. Application will terminate with return code 0